[14-Nov-2025 23:31:19 UTC] PHP Warning:  Undefined variable $username in /home/u620238184/domains/rlbmods.com/public_html/panel/blades/sidebar/sidebar.php on line 146
[14-Nov-2025 23:31:19 UTC] PHP Deprecated:  htmlspecialchars(): Passing null to parameter #1 ($string) of type string is deprecated in /home/u620238184/domains/rlbmods.com/public_html/panel/blades/sidebar/sidebar.php on line 146
[14-Nov-2025 23:31:26 UTC] PHP Warning:  Undefined variable $username in /home/u620238184/domains/rlbmods.com/public_html/panel/blades/sidebar/sidebar.php on line 146
[14-Nov-2025 23:31:26 UTC] PHP Deprecated:  htmlspecialchars(): Passing null to parameter #1 ($string) of type string is deprecated in /home/u620238184/domains/rlbmods.com/public_html/panel/blades/sidebar/sidebar.php on line 146
[14-Nov-2025 23:31:35 UTC] PHP Warning:  Undefined variable $username in /home/u620238184/domains/rlbmods.com/public_html/panel/blades/sidebar/sidebar.php on line 146
[14-Nov-2025 23:31:35 UTC] PHP Deprecated:  htmlspecialchars(): Passing null to parameter #1 ($string) of type string is deprecated in /home/u620238184/domains/rlbmods.com/public_html/panel/blades/sidebar/sidebar.php on line 146
[14-Nov-2025 23:31:38 UTC] PHP Warning:  Undefined variable $username in /home/u620238184/domains/rlbmods.com/public_html/panel/blades/sidebar/sidebar.php on line 146
[14-Nov-2025 23:31:38 UTC] PHP Deprecated:  htmlspecialchars(): Passing null to parameter #1 ($string) of type string is deprecated in /home/u620238184/domains/rlbmods.com/public_html/panel/blades/sidebar/sidebar.php on line 146
[14-Nov-2025 23:31:43 UTC] PHP Warning:  Undefined variable $username in /home/u620238184/domains/rlbmods.com/public_html/panel/blades/sidebar/sidebar.php on line 146
[14-Nov-2025 23:31:43 UTC] PHP Deprecated:  htmlspecialchars(): Passing null to parameter #1 ($string) of type string is deprecated in /home/u620238184/domains/rlbmods.com/public_html/panel/blades/sidebar/sidebar.php on line 146
[14-Nov-2025 23:32:29 UTC] PHP Warning:  Undefined variable $username in /home/u620238184/domains/rlbmods.com/public_html/panel/blades/sidebar/sidebar.php on line 146
[14-Nov-2025 23:32:29 UTC] PHP Deprecated:  htmlspecialchars(): Passing null to parameter #1 ($string) of type string is deprecated in /home/u620238184/domains/rlbmods.com/public_html/panel/blades/sidebar/sidebar.php on line 146
[15-Nov-2025 02:12:59 UTC] PHP Warning:  Undefined variable $username in /home/u620238184/domains/rlbmods.com/public_html/panel/blades/sidebar/sidebar.php on line 146
[15-Nov-2025 02:12:59 UTC] PHP Deprecated:  htmlspecialchars(): Passing null to parameter #1 ($string) of type string is deprecated in /home/u620238184/domains/rlbmods.com/public_html/panel/blades/sidebar/sidebar.php on line 146
[15-Nov-2025 19:19:08 UTC] PHP Warning:  Undefined variable $username in /home/u620238184/domains/rlbmods.com/public_html/panel/blades/sidebar/sidebar.php on line 146
[15-Nov-2025 19:19:08 UTC] PHP Deprecated:  htmlspecialchars(): Passing null to parameter #1 ($string) of type string is deprecated in /home/u620238184/domains/rlbmods.com/public_html/panel/blades/sidebar/sidebar.php on line 146
[01-Dec-2025 21:29:47 UTC] PHP Warning:  Undefined variable $username in /home/u620238184/domains/rlbmods.com/public_html/panel/blades/sidebar/sidebar.php on line 146
[01-Dec-2025 21:29:47 UTC] PHP Deprecated:  htmlspecialchars(): Passing null to parameter #1 ($string) of type string is deprecated in /home/u620238184/domains/rlbmods.com/public_html/panel/blades/sidebar/sidebar.php on line 146
[01-Feb-2026 15:20:54 UTC] PHP Warning:  Undefined variable $username in /home/u620238184/domains/rlbmods.com/public_html/panel/blades/sidebar/sidebar.php on line 146
[01-Feb-2026 15:20:54 UTC] PHP Deprecated:  htmlspecialchars(): Passing null to parameter #1 ($string) of type string is deprecated in /home/u620238184/domains/rlbmods.com/public_html/panel/blades/sidebar/sidebar.php on line 146
[01-Feb-2026 15:22:24 UTC] PHP Warning:  Undefined variable $username in /home/u620238184/domains/rlbmods.com/public_html/panel/blades/sidebar/sidebar.php on line 146
[01-Feb-2026 15:22:24 UTC] PHP Deprecated:  htmlspecialchars(): Passing null to parameter #1 ($string) of type string is deprecated in /home/u620238184/domains/rlbmods.com/public_html/panel/blades/sidebar/sidebar.php on line 146
[01-Feb-2026 15:23:01 UTC] PHP Warning:  Undefined variable $username in /home/u620238184/domains/rlbmods.com/public_html/panel/blades/sidebar/sidebar.php on line 146
[01-Feb-2026 15:23:01 UTC] PHP Deprecated:  htmlspecialchars(): Passing null to parameter #1 ($string) of type string is deprecated in /home/u620238184/domains/rlbmods.com/public_html/panel/blades/sidebar/sidebar.php on line 146
