[2025-11-14 22:05:56] === PAYMENT CLEANUP STARTED ===
[2025-11-14 22:05:56] Cutoff time for pending payments - {"cutoff_time":"2025-11-13 22:05:56"}
[2025-11-14 22:05:56] Found pending transactions to cleanup - {"count":44}
[2025-11-14 22:05:56] CLEANUP ERROR: Database transaction failed: Unknown column 'payment_status' in 'SET'
[2025-11-14 22:06:55] === PAYMENT CLEANUP STARTED ===
[2025-11-14 22:06:55] Cutoff time for pending payments - {"cutoff_time":"2025-11-13 22:06:55"}
[2025-11-14 22:06:55] Found pending transactions to cleanup - {"count":44}
[2025-11-14 22:06:55] CLEANUP ERROR: Database transaction failed: Unknown column 'payment_status' in 'SET'
[2025-11-14 22:10:40] === PAYMENT CLEANUP STARTED ===
[2025-11-14 22:10:40] Cutoff time for pending payments - {"cutoff_time":"2025-11-13 22:10:40"}
[2025-11-14 22:10:40] Found pending transactions to cleanup - {"count":44}
[2025-11-14 22:10:40] Successfully updated transactions to failed - {"affected_rows":44}
[2025-11-14 22:10:40] Marked transaction as failed - {"transaction_id":211,"order_id":"PT_1756395205_68b076c52585d","user_id":2,"amount":"10.00","payment_method":"card","gateway":null,"created_at":"2025-08-28 15:33:25"}
[2025-11-14 22:10:40] Marked transaction as failed - {"transaction_id":212,"order_id":"PT_1756395287_68b07717e3558","user_id":2,"amount":"10.00","payment_method":"card","gateway":null,"created_at":"2025-08-28 15:34:47"}
[2025-11-14 22:10:40] Marked transaction as failed - {"transaction_id":213,"order_id":"PT_1756395337_68b07749a8d6a","user_id":2,"amount":"10.00","payment_method":"card","gateway":null,"created_at":"2025-08-28 15:35:37"}
[2025-11-14 22:10:40] Marked transaction as failed - {"transaction_id":214,"order_id":"PT_1756395405_68b0778d96551","user_id":2,"amount":"10.00","payment_method":"card","gateway":null,"created_at":"2025-08-28 15:36:45"}
[2025-11-14 22:10:40] Marked transaction as failed - {"transaction_id":215,"order_id":"PT_1756395421_68b0779d4cea7","user_id":2,"amount":"10.00","payment_method":"card","gateway":null,"created_at":"2025-08-28 15:37:01"}
[2025-11-14 22:10:40] Marked transaction as failed - {"transaction_id":216,"order_id":"2ac43fc9-cd15-4e56-a2e5-aa1ccf7c7bde","user_id":1,"amount":"50.00","payment_method":"paypalfnf","gateway":"paypalfnf","created_at":"2025-09-03 14:51:45"}
[2025-11-14 22:10:40] Marked transaction as failed - {"transaction_id":217,"order_id":"9555be9c-f369-4fde-a317-40cbb92799ef","user_id":1022,"amount":"250.00","payment_method":"ltc","gateway":"ltc","created_at":"2025-09-03 15:46:09"}
[2025-11-14 22:10:40] Marked transaction as failed - {"transaction_id":218,"order_id":"0f81d51a-65d0-4f10-96a1-4ec6ba21cd78","user_id":252,"amount":"30.00","payment_method":"btc","gateway":"btc","created_at":"2025-09-04 01:35:01"}
[2025-11-14 22:10:40] Marked transaction as failed - {"transaction_id":219,"order_id":"PT_1756950804_68b8f114d801c","user_id":1,"amount":"10.00","payment_method":"card","gateway":null,"created_at":"2025-09-04 01:53:24"}
[2025-11-14 22:10:40] Marked transaction as failed - {"transaction_id":221,"order_id":"PT_1756951010_68b8f1e296f7b","user_id":1,"amount":"0.01","payment_method":"card","gateway":null,"created_at":"2025-09-04 01:56:50"}
[2025-11-14 22:10:40] Marked transaction as failed - {"transaction_id":223,"order_id":"PT_1757087268_68bb06240cf60","user_id":1255,"amount":"25.00","payment_method":"card","gateway":null,"created_at":"2025-09-05 15:47:48"}
[2025-11-14 22:10:40] Marked transaction as failed - {"transaction_id":224,"order_id":"PT_1757210357_68bce6f5a19c8","user_id":1843,"amount":"25.00","payment_method":"card","gateway":null,"created_at":"2025-09-07 01:59:17"}
[2025-11-14 22:10:40] Marked transaction as failed - {"transaction_id":225,"order_id":"PT_1757239810_68bd5a02da173","user_id":1,"amount":"10.00","payment_method":"card","gateway":null,"created_at":"2025-09-07 10:10:10"}
[2025-11-14 22:10:40] Marked transaction as failed - {"transaction_id":229,"order_id":"87a4908b-edd6-441c-91c0-9c36ba77e248","user_id":1,"amount":"10.00","payment_method":"btc","gateway":"btc","created_at":"2025-09-11 01:31:41"}
[2025-11-14 22:10:40] Marked transaction as failed - {"transaction_id":230,"order_id":"PT_1757722480_68c4b77008cc4","user_id":1849,"amount":"15.00","payment_method":"card","gateway":null,"created_at":"2025-09-13 00:14:40"}
[2025-11-14 22:10:40] Marked transaction as failed - {"transaction_id":237,"order_id":"PT_1758328424_68cdf66836bbd","user_id":1755,"amount":"10.00","payment_method":"card","gateway":null,"created_at":"2025-09-20 00:33:44"}
[2025-11-14 22:10:40] Marked transaction as failed - {"transaction_id":239,"order_id":"ad1e6c51-33b4-4594-83f6-32a3421bbe07","user_id":1851,"amount":"15.00","payment_method":"btc","gateway":"btc","created_at":"2025-09-28 15:56:57"}
[2025-11-14 22:10:40] Marked transaction as failed - {"transaction_id":240,"order_id":"PT_1759075045_68d95ae5d51ee","user_id":1851,"amount":"15.00","payment_method":"card","gateway":null,"created_at":"2025-09-28 15:57:25"}
[2025-11-14 22:10:40] Marked transaction as failed - {"transaction_id":242,"order_id":"12441055-123d-44db-bdb4-734aa7235c98","user_id":1854,"amount":"25.00","payment_method":"paypalfnf","gateway":"paypalfnf","created_at":"2025-10-01 18:20:24"}
[2025-11-14 22:10:40] Marked transaction as failed - {"transaction_id":243,"order_id":"PT_1759342841_68dd70f998b27","user_id":1854,"amount":"25.00","payment_method":"card","gateway":null,"created_at":"2025-10-01 18:20:41"}
[2025-11-14 22:10:40] Marked transaction as failed - {"transaction_id":244,"order_id":"PT_1759578840_68e10ad893aa6","user_id":1855,"amount":"7.00","payment_method":"card","gateway":null,"created_at":"2025-10-04 11:54:00"}
[2025-11-14 22:10:40] Marked transaction as failed - {"transaction_id":245,"order_id":"PT_1759766167_68e3e697801ca","user_id":1,"amount":"10.00","payment_method":"card","gateway":null,"created_at":"2025-10-06 15:56:07"}
[2025-11-14 22:10:40] Marked transaction as failed - {"transaction_id":246,"order_id":"PT_1759766293_68e3e7152c24b","user_id":1,"amount":"10.00","payment_method":"card","gateway":null,"created_at":"2025-10-06 15:58:13"}
[2025-11-14 22:10:40] Marked transaction as failed - {"transaction_id":247,"order_id":"PT_1760907128_68f54f7897f82","user_id":1859,"amount":"50.00","payment_method":"card","gateway":null,"created_at":"2025-10-19 20:52:08"}
[2025-11-14 22:10:40] Marked transaction as failed - {"transaction_id":248,"order_id":"PT_1760907339_68f5504b950ef","user_id":1859,"amount":"50.00","payment_method":"card","gateway":null,"created_at":"2025-10-19 20:55:39"}
[2025-11-14 22:10:40] Marked transaction as failed - {"transaction_id":249,"order_id":"PT_1760907473_68f550d14488b","user_id":1859,"amount":"50.00","payment_method":"card","gateway":null,"created_at":"2025-10-19 20:57:53"}
[2025-11-14 22:10:40] Marked transaction as failed - {"transaction_id":250,"order_id":"PT_1761144295_68f8ede72685f","user_id":1792,"amount":"10.00","payment_method":"card","gateway":null,"created_at":"2025-10-22 14:44:55"}
[2025-11-14 22:10:40] Marked transaction as failed - {"transaction_id":253,"order_id":"PT_1762100237_6907840d6df38","user_id":1867,"amount":"10.00","payment_method":"card","gateway":null,"created_at":"2025-11-02 16:17:17"}
[2025-11-14 22:10:40] Marked transaction as failed - {"transaction_id":257,"order_id":"08408d4f-cf4a-4371-977f-2874d9eb486e","user_id":1876,"amount":"10.00","payment_method":"ltc","gateway":"ltc","created_at":"2025-11-05 13:03:00"}
[2025-11-14 22:10:40] Marked transaction as failed - {"transaction_id":258,"order_id":"be2a06dd-11fb-4430-a8ad-574e757281c1","user_id":1876,"amount":"60.00","payment_method":"ltc","gateway":"ltc","created_at":"2025-11-06 22:20:31"}
[2025-11-14 22:10:40] Marked transaction as failed - {"transaction_id":259,"order_id":"098e6913-822f-4f20-ae4e-55f7d36b52d8","user_id":1876,"amount":"60.00","payment_method":"ltc","gateway":"ltc","created_at":"2025-11-07 08:26:55"}
[2025-11-14 22:10:40] Marked transaction as failed - {"transaction_id":261,"order_id":"PT_1762524158_690dfbfe21d0d","user_id":1890,"amount":"10.00","payment_method":"card","gateway":null,"created_at":"2025-11-07 14:02:38"}
[2025-11-14 22:10:40] Marked transaction as failed - {"transaction_id":264,"order_id":"PT_1762590508_690eff2cbd711","user_id":1886,"amount":"12.00","payment_method":"card","gateway":null,"created_at":"2025-11-08 08:28:28"}
[2025-11-14 22:10:40] Marked transaction as failed - {"transaction_id":268,"order_id":"PT_1762597092_690f18e471161","user_id":1903,"amount":"7.00","payment_method":"card","gateway":null,"created_at":"2025-11-08 10:18:12"}
[2025-11-14 22:10:40] Marked transaction as failed - {"transaction_id":273,"order_id":"PT_1762600629_690f26b5c19c8","user_id":1908,"amount":"8.00","payment_method":"card","gateway":null,"created_at":"2025-11-08 11:17:09"}
[2025-11-14 22:10:40] Marked transaction as failed - {"transaction_id":275,"order_id":"PT_1762627283_690f8ed3f3651","user_id":436,"amount":"10.00","payment_method":"card","gateway":null,"created_at":"2025-11-08 18:41:23"}
[2025-11-14 22:10:40] Marked transaction as failed - {"transaction_id":277,"order_id":"46db11bb-dccb-4413-bb3f-9f6332983aeb","user_id":1890,"amount":"1.00","payment_method":"paypalfnf","gateway":"paypalfnf","created_at":"2025-11-08 23:42:17"}
[2025-11-14 22:10:40] Marked transaction as failed - {"transaction_id":278,"order_id":"PT_1762645582_690fd64e8bbb4","user_id":1890,"amount":"1.00","payment_method":"card","gateway":null,"created_at":"2025-11-08 23:46:22"}
[2025-11-14 22:10:40] Marked transaction as failed - {"transaction_id":281,"order_id":"PT_1762651276_690fec8c9dcc5","user_id":1915,"amount":"25.00","payment_method":"card","gateway":null,"created_at":"2025-11-09 01:21:16"}
[2025-11-14 22:10:40] Marked transaction as failed - {"transaction_id":284,"order_id":"PT_1762666947_691029c3e646c","user_id":1,"amount":"10.00","payment_method":"card","gateway":null,"created_at":"2025-11-09 05:42:27"}
[2025-11-14 22:10:40] Marked transaction as failed - {"transaction_id":285,"order_id":"NP_6910a09156087_1762697361","user_id":1,"amount":"10.00","payment_method":"btc","gateway":"nowpayments","created_at":"2025-11-09 14:09:21"}
[2025-11-14 22:10:40] Marked transaction as failed - {"transaction_id":286,"order_id":"NP_6910a144a02c2_1762697540","user_id":1022,"amount":"10.00","payment_method":"ltc","gateway":"nowpayments","created_at":"2025-11-09 14:12:21"}
[2025-11-14 22:10:40] Marked transaction as failed - {"transaction_id":292,"order_id":"NP_6912457e0018d_1762805118","user_id":210,"amount":"50.00","payment_method":"ltc","gateway":"nowpayments","created_at":"2025-11-10 20:05:18"}
[2025-11-14 22:10:40] Marked transaction as failed - {"transaction_id":297,"order_id":"PT_1762839647_6912cc5fbd4b1","user_id":563,"amount":"10.00","payment_method":"card","gateway":null,"created_at":"2025-11-11 05:40:47"}
[2025-11-14 22:10:40] === PAYMENT CLEANUP COMPLETED SUCCESSFULLY ===
[2025-11-14 22:10:40] === PAYMENT CLEANUP STARTED ===
[2025-11-14 22:10:40] Cutoff time for pending payments - {"cutoff_time":"2025-11-13 22:10:40"}
[2025-11-14 22:10:40] Found pending transactions to cleanup - {"count":0}
[2025-11-14 22:10:40] No pending transactions found older than cutoff time
[2025-11-14 22:10:40] === PAYMENT CLEANUP COMPLETED SUCCESSFULLY ===
[2025-11-14 22:29:50] === PAYMENT CLEANUP STARTED ===
[2025-11-14 22:29:50] Cutoff time for pending payments - {"cutoff_time":"2025-11-13 22:29:50"}
[2025-11-14 22:29:50] Found pending transactions to cleanup - {"count":0}
[2025-11-14 22:29:50] No pending transactions found older than cutoff time
[2025-11-14 22:29:50] === PAYMENT CLEANUP COMPLETED SUCCESSFULLY ===
